<?xml version="1.0" encoding="utf-8"?><testsuites name="pytest tests"><testsuite name="pytest" errors="0" failures="0" skipped="0" tests="8" time="3.715" timestamp="2026-05-12T11:38:48.786062+00:00" hostname="agent-env-98b98058-d062-444f-ad53-75846a32fb60"><testcase classname="backend.tests.test_safecount_api" name="test_login_admin" time="0.811" /><testcase classname="backend.tests.test_safecount_api" name="test_login_invalid" time="0.555" /><testcase classname="backend.tests.test_safecount_api" name="test_auth_me" time="0.408" /><testcase classname="backend.tests.test_safecount_api" name="test_teams_my_jonas" time="0.098" /><testcase classname="backend.tests.test_safecount_api" name="test_teams_admin_enriched" time="0.113" /><testcase classname="backend.tests.test_safecount_api" name="test_members_admin" time="0.116" /><testcase classname="backend.tests.test_safecount_api" name="test_assembly_points" time="0.109" /><testcase classname="backend.tests.test_safecount_api" name="test_full_alert_flow" time="1.426" /></testsuite></testsuites>